<?xml version="1.0" encoding="UTF-8"?>
<!-- Generated by org.testng.reporters.JUnitReportReporter -->
<testsuite skipped="0" hostname="DESKTOP-48C1KTV" name="com.automation.testcase.TC_Login_Test_001" tests="1" failures="0" timestamp="12 Jul 2020 12:03:00 GMT" time="24.527" errors="0">
  <testcase name="loginTest" time="24.527" classname="com.automation.testcase.TC_Login_Test_001"/>
</testsuite> <!-- com.automation.testcase.TC_Login_Test_001 -->
